2021-04-28T01:00:45.133Z [error] /application/api/adminpanel.1/getUsername.js:1;context => async ({ id }) {;                          ^;;SyntaxError: Unexpected token '{';  new Script (vm.js:88:7);  new MetaScript (/node_modules/impress/node_modules/metavm/lib/vm.js:41:19);  Interfaces.createScript (/node_modules/impress/lib/interfaces.js:30:27);  async Interfaces.change (/node_modules/impress/lib/interfaces.js:72:20);  async Interfaces.load (/node_modules/impress/lib/cache.js:18:12);  async Interfaces.load (/node_modules/impress/lib/cache.js:17:31)
2021-04-28T01:00:45.149Z [error] /application/api/catalog.1/filter.js:14;    query += ' ORDER BY year DESC');;                                  ^;;SyntaxError: Unexpected token ')';  new Script (vm.js:88:7);  new MetaScript (/node_modules/impress/node_modules/metavm/lib/vm.js:41:19);  Interfaces.createScript (/node_modules/impress/lib/interfaces.js:30:27);  async Interfaces.change (/node_modules/impress/lib/interfaces.js:72:20);  async Interfaces.load (/node_modules/impress/lib/cache.js:18:12);  async Interfaces.load (/node_modules/impress/lib/cache.js:17:31)
2021-04-28T01:00:45.161Z [error] /application/api/moderpanel.1/addFilm.js:5;  const posterName = .title + `.${posterType.slice(posterType.indexOf('/') + 1)}`;;                     ^;;SyntaxError: Unexpected token '.';  new Script (vm.js:88:7);  new MetaScript (/node_modules/impress/node_modules/metavm/lib/vm.js:41:19);  Interfaces.createScript (/node_modules/impress/lib/interfaces.js:30:27);  async Interfaces.change (/node_modules/impress/lib/interfaces.js:72:20);  async Interfaces.load (/node_modules/impress/lib/cache.js:18:12);  async Interfaces.load (/node_modules/impress/lib/cache.js:17:31)
2021-04-28T01:00:45.189Z [error] /application/api/player.1/addComment.js:1;context => async ({ filmid, userid, textdata }) {;                                                ^;;SyntaxError: Unexpected token '{';  new Script (vm.js:88:7);  new MetaScript (/node_modules/impress/node_modules/metavm/lib/vm.js:41:19);  Interfaces.createScript (/node_modules/impress/lib/interfaces.js:30:27);  async Interfaces.change (/node_modules/impress/lib/interfaces.js:72:20);  async Interfaces.load (/node_modules/impress/lib/cache.js:18:12);  async Interfaces.load (/node_modules/impress/lib/cache.js:17:31)
2021-04-28T01:00:45.192Z [error] /application/api/player.1/addScore.js:11;    let rating = parseFloat(result[0].rating);;        ^^^^^^;;SyntaxError: Identifier 'rating' has already been declared;  new Script (vm.js:88:7);  new MetaScript (/node_modules/impress/node_modules/metavm/lib/vm.js:41:19);  Interfaces.createScript (/node_modules/impress/lib/interfaces.js:30:27);  async Interfaces.change (/node_modules/impress/lib/interfaces.js:72:20);  async Interfaces.load (/node_modules/impress/lib/cache.js:18:12);  async Interfaces.load (/node_modules/impress/lib/cache.js:17:31)
2021-04-28T01:00:45.207Z [error] /application/api/player.1/getFilm.js:10;module.exports = GetFilm;;^^^^^^;;SyntaxError: Unexpected identifier;  new Script (vm.js:88:7);  new MetaScript (/node_modules/impress/node_modules/metavm/lib/vm.js:41:19);  Interfaces.createScript (/node_modules/impress/lib/interfaces.js:30:27);  async Interfaces.change (/node_modules/impress/lib/interfaces.js:72:20);  async Interfaces.load (/node_modules/impress/lib/cache.js:18:12);  async Interfaces.load (/node_modules/impress/lib/cache.js:17:31)
2021-04-28T01:00:45.213Z [error] /application/api/player.1/getFilmById.js:12;;;;SyntaxError: Unexpected end of input;  new Script (vm.js:88:7);  new MetaScript (/node_modules/impress/node_modules/metavm/lib/vm.js:41:19);  Interfaces.createScript (/node_modules/impress/lib/interfaces.js:30:27);  async Interfaces.change (/node_modules/impress/lib/interfaces.js:72:20);  async Interfaces.load (/node_modules/impress/lib/cache.js:18:12);  async Interfaces.load (/node_modules/impress/lib/cache.js:17:31)
2021-04-28T01:00:47.089Z [info] Application started in worker 4
2021-04-28T01:00:52.951Z [info] Graceful shutdown in worker 4
2021-04-28T01:04:50.715Z [error] /application/api/player.1/getFilm.js:10;module.exports = GetFilm;;^^^^^^;;SyntaxError: Unexpected identifier;  new Script (vm.js:88:7);  new MetaScript (/node_modules/impress/node_modules/metavm/lib/vm.js:41:19);  Interfaces.createScript (/node_modules/impress/lib/interfaces.js:30:27);  async Interfaces.change (/node_modules/impress/lib/interfaces.js:72:20);  async Interfaces.load (/node_modules/impress/lib/cache.js:18:12);  async Interfaces.load (/node_modules/impress/lib/cache.js:17:31)
2021-04-28T01:04:50.719Z [error] /application/api/player.1/getFilmById.js:12;;;;SyntaxError: Unexpected end of input;  new Script (vm.js:88:7);  new MetaScript (/node_modules/impress/node_modules/metavm/lib/vm.js:41:19);  Interfaces.createScript (/node_modules/impress/lib/interfaces.js:30:27);  async Interfaces.change (/node_modules/impress/lib/interfaces.js:72:20);  async Interfaces.load (/node_modules/impress/lib/cache.js:18:12);  async Interfaces.load (/node_modules/impress/lib/cache.js:17:31)
2021-04-28T01:04:52.549Z [info] Application started in worker 4
2021-04-28T01:04:52.552Z [info] Graceful shutdown in worker 4
2021-04-28T01:05:45.518Z [error] /application/api/player.1/getFilm.js:10;;;;SyntaxError: Unexpected end of input;  new Script (vm.js:88:7);  new MetaScript (/node_modules/impress/node_modules/metavm/lib/vm.js:41:19);  Interfaces.createScript (/node_modules/impress/lib/interfaces.js:30:27);  async Interfaces.change (/node_modules/impress/lib/interfaces.js:72:20);  async Interfaces.load (/node_modules/impress/lib/cache.js:18:12);  async Interfaces.load (/node_modules/impress/lib/cache.js:17:31)
2021-04-28T01:05:45.526Z [error] /application/api/player.1/getFilmById.js:11;)};;^;;SyntaxError: Unexpected token ')';  new Script (vm.js:88:7);  new MetaScript (/node_modules/impress/node_modules/metavm/lib/vm.js:41:19);  Interfaces.createScript (/node_modules/impress/lib/interfaces.js:30:27);  async Interfaces.change (/node_modules/impress/lib/interfaces.js:72:20);  async Interfaces.load (/node_modules/impress/lib/cache.js:18:12);  async Interfaces.load (/node_modules/impress/lib/cache.js:17:31)
2021-04-28T01:05:47.294Z [info] Application started in worker 4
2021-04-28T01:05:47.297Z [info] Graceful shutdown in worker 4
2021-04-28T01:06:02.963Z [error] /application/api/player.1/getFilm.js:10;;;;SyntaxError: Unexpected end of input;  new Script (vm.js:88:7);  new MetaScript (/node_modules/impress/node_modules/metavm/lib/vm.js:41:19);  Interfaces.createScript (/node_modules/impress/lib/interfaces.js:30:27);  async Interfaces.change (/node_modules/impress/lib/interfaces.js:72:20);  async Interfaces.load (/node_modules/impress/lib/cache.js:18:12);  async Interfaces.load (/node_modules/impress/lib/cache.js:17:31)
2021-04-28T01:06:04.688Z [info] Application started in worker 4
2021-04-28T01:06:04.700Z [info] Graceful shutdown in worker 4
2021-04-28T01:06:22.390Z [info] Application started in worker 4
2021-04-28T01:06:57.888Z [info] Graceful shutdown in worker 4
2021-04-28T12:22:23.393Z [info] Application started in worker 4
2021-04-28T12:22:46.879Z [info] Graceful shutdown in worker 4
2021-04-28T12:25:39.323Z [info] Application started in worker 4
2021-04-28T12:27:34.842Z [info] Graceful shutdown in worker 4
2021-04-28T12:28:47.080Z [info] Application started in worker 4
2021-04-28T12:32:02.133Z [info] Graceful shutdown in worker 4
2021-04-28T13:39:24.496Z [info] Application started in worker 4
2021-04-28T13:43:31.934Z [info] Graceful shutdown in worker 4
2021-04-28T13:44:13.624Z [info] Application started in worker 4
2021-04-28T13:48:13.697Z [info] Graceful shutdown in worker 4
2021-04-28T13:48:40.259Z [info] Application started in worker 4
2021-04-28T14:23:23.960Z [info] Graceful shutdown in worker 4
2021-04-28T14:23:32.632Z [info] Application started in worker 4
2021-04-28T14:24:51.944Z [info] Graceful shutdown in worker 4
2021-04-28T14:27:13.763Z [info] Application started in worker 4
2021-04-28T14:28:18.523Z [info] Graceful shutdown in worker 4
2021-04-28T14:30:02.843Z [info] Application started in worker 4
2021-04-28T14:30:16.121Z [info] Graceful shutdown in worker 4
2021-04-28T14:30:20.876Z [info] Application started in worker 4
2021-04-28T14:30:48.077Z [info] Graceful shutdown in worker 4
