2021-04-28T01:00:45.107Z [error] /application/api/adminpanel.1/getUsername.js:1;context => async ({ id }) {;                          ^;;SyntaxError: Unexpected token '{';  new Script (vm.js:88:7);  new MetaScript (/node_modules/impress/node_modules/metavm/lib/vm.js:41:19);  Interfaces.createScript (/node_modules/impress/lib/interfaces.js:30:27);  async Interfaces.change (/node_modules/impress/lib/interfaces.js:72:20);  async Interfaces.load (/node_modules/impress/lib/cache.js:18:12);  async Interfaces.load (/node_modules/impress/lib/cache.js:17:31)
2021-04-28T01:00:45.116Z [error] /application/api/catalog.1/filter.js:14;    query += ' ORDER BY year DESC');;                                  ^;;SyntaxError: Unexpected token ')';  new Script (vm.js:88:7);  new MetaScript (/node_modules/impress/node_modules/metavm/lib/vm.js:41:19);  Interfaces.createScript (/node_modules/impress/lib/interfaces.js:30:27);  async Interfaces.change (/node_modules/impress/lib/interfaces.js:72:20);  async Interfaces.load (/node_modules/impress/lib/cache.js:18:12);  async Interfaces.load (/node_modules/impress/lib/cache.js:17:31)
2021-04-28T01:00:45.139Z [error] /application/api/moderpanel.1/addFilm.js:5;  const posterName = .title + `.${posterType.slice(posterType.indexOf('/') + 1)}`;;                     ^;;SyntaxError: Unexpected token '.';  new Script (vm.js:88:7);  new MetaScript (/node_modules/impress/node_modules/metavm/lib/vm.js:41:19);  Interfaces.createScript (/node_modules/impress/lib/interfaces.js:30:27);  async Interfaces.change (/node_modules/impress/lib/interfaces.js:72:20);  async Interfaces.load (/node_modules/impress/lib/cache.js:18:12);  async Interfaces.load (/node_modules/impress/lib/cache.js:17:31)
2021-04-28T01:00:45.154Z [error] /application/api/player.1/addComment.js:1;context => async ({ filmid, userid, textdata }) {;                                                ^;;SyntaxError: Unexpected token '{';  new Script (vm.js:88:7);  new MetaScript (/node_modules/impress/node_modules/metavm/lib/vm.js:41:19);  Interfaces.createScript (/node_modules/impress/lib/interfaces.js:30:27);  async Interfaces.change (/node_modules/impress/lib/interfaces.js:72:20);  async Interfaces.load (/node_modules/impress/lib/cache.js:18:12);  async Interfaces.load (/node_modules/impress/lib/cache.js:17:31)
2021-04-28T01:00:45.158Z [error] /application/api/player.1/addScore.js:11;    let rating = parseFloat(result[0].rating);;        ^^^^^^;;SyntaxError: Identifier 'rating' has already been declared;  new Script (vm.js:88:7);  new MetaScript (/node_modules/impress/node_modules/metavm/lib/vm.js:41:19);  Interfaces.createScript (/node_modules/impress/lib/interfaces.js:30:27);  async Interfaces.change (/node_modules/impress/lib/interfaces.js:72:20);  async Interfaces.load (/node_modules/impress/lib/cache.js:18:12);  async Interfaces.load (/node_modules/impress/lib/cache.js:17:31)
2021-04-28T01:00:45.162Z [error] /application/api/player.1/getFilm.js:10;module.exports = GetFilm;;^^^^^^;;SyntaxError: Unexpected identifier;  new Script (vm.js:88:7);  new MetaScript (/node_modules/impress/node_modules/metavm/lib/vm.js:41:19);  Interfaces.createScript (/node_modules/impress/lib/interfaces.js:30:27);  async Interfaces.change (/node_modules/impress/lib/interfaces.js:72:20);  async Interfaces.load (/node_modules/impress/lib/cache.js:18:12);  async Interfaces.load (/node_modules/impress/lib/cache.js:17:31)
2021-04-28T01:00:45.164Z [error] /application/api/player.1/getFilmById.js:12;;;;SyntaxError: Unexpected end of input;  new Script (vm.js:88:7);  new MetaScript (/node_modules/impress/node_modules/metavm/lib/vm.js:41:19);  Interfaces.createScript (/node_modules/impress/lib/interfaces.js:30:27);  async Interfaces.change (/node_modules/impress/lib/interfaces.js:72:20);  async Interfaces.load (/node_modules/impress/lib/cache.js:18:12);  async Interfaces.load (/node_modules/impress/lib/cache.js:17:31)
2021-04-28T01:00:47.040Z [info] Application started in worker 5
2021-04-28T01:00:52.954Z [info] Graceful shutdown in worker 5
2021-04-28T01:01:06.562Z [error] /application/api/adminpanel.1/getUsername.js:1;context => async ({ id }) {;                          ^;;SyntaxError: Unexpected token '{';  new Script (vm.js:88:7);  new MetaScript (/node_modules/impress/node_modules/metavm/lib/vm.js:41:19);  Interfaces.createScript (/node_modules/impress/lib/interfaces.js:30:27);  async Interfaces.change (/node_modules/impress/lib/interfaces.js:72:20);  async Interfaces.load (/node_modules/impress/lib/cache.js:18:12);  async Interfaces.load (/node_modules/impress/lib/cache.js:17:31)
2021-04-28T01:01:06.599Z [error] /application/api/catalog.1/filter.js:14;    query += ' ORDER BY year DESC');;                                  ^;;SyntaxError: Unexpected token ')';  new Script (vm.js:88:7);  new MetaScript (/node_modules/impress/node_modules/metavm/lib/vm.js:41:19);  Interfaces.createScript (/node_modules/impress/lib/interfaces.js:30:27);  async Interfaces.change (/node_modules/impress/lib/interfaces.js:72:20);  async Interfaces.load (/node_modules/impress/lib/cache.js:18:12);  async Interfaces.load (/node_modules/impress/lib/cache.js:17:31)
2021-04-28T01:01:06.623Z [error] /application/api/moderpanel.1/addFilm.js:5;  const posterName = .title + `.${posterType.slice(posterType.indexOf('/') + 1)}`;;                     ^;;SyntaxError: Unexpected token '.';  new Script (vm.js:88:7);  new MetaScript (/node_modules/impress/node_modules/metavm/lib/vm.js:41:19);  Interfaces.createScript (/node_modules/impress/lib/interfaces.js:30:27);  async Interfaces.change (/node_modules/impress/lib/interfaces.js:72:20);  async Interfaces.load (/node_modules/impress/lib/cache.js:18:12);  async Interfaces.load (/node_modules/impress/lib/cache.js:17:31)
2021-04-28T01:01:06.656Z [error] /application/api/player.1/addComment.js:1;context => async ({ filmid, userid, textdata }) {;                                                ^;;SyntaxError: Unexpected token '{';  new Script (vm.js:88:7);  new MetaScript (/node_modules/impress/node_modules/metavm/lib/vm.js:41:19);  Interfaces.createScript (/node_modules/impress/lib/interfaces.js:30:27);  async Interfaces.change (/node_modules/impress/lib/interfaces.js:72:20);  async Interfaces.load (/node_modules/impress/lib/cache.js:18:12);  async Interfaces.load (/node_modules/impress/lib/cache.js:17:31)
2021-04-28T01:01:06.657Z [error] /application/api/player.1/addScore.js:11;    let rating = parseFloat(result[0].rating);;        ^^^^^^;;SyntaxError: Identifier 'rating' has already been declared;  new Script (vm.js:88:7);  new MetaScript (/node_modules/impress/node_modules/metavm/lib/vm.js:41:19);  Interfaces.createScript (/node_modules/impress/lib/interfaces.js:30:27);  async Interfaces.change (/node_modules/impress/lib/interfaces.js:72:20);  async Interfaces.load (/node_modules/impress/lib/cache.js:18:12);  async Interfaces.load (/node_modules/impress/lib/cache.js:17:31)
2021-04-28T01:01:06.665Z [error] /application/api/player.1/getFilm.js:10;module.exports = GetFilm;;^^^^^^;;SyntaxError: Unexpected identifier;  new Script (vm.js:88:7);  new MetaScript (/node_modules/impress/node_modules/metavm/lib/vm.js:41:19);  Interfaces.createScript (/node_modules/impress/lib/interfaces.js:30:27);  async Interfaces.change (/node_modules/impress/lib/interfaces.js:72:20);  async Interfaces.load (/node_modules/impress/lib/cache.js:18:12);  async Interfaces.load (/node_modules/impress/lib/cache.js:17:31)
2021-04-28T01:01:06.666Z [error] /application/api/player.1/getFilmById.js:12;;;;SyntaxError: Unexpected end of input;  new Script (vm.js:88:7);  new MetaScript (/node_modules/impress/node_modules/metavm/lib/vm.js:41:19);  Interfaces.createScript (/node_modules/impress/lib/interfaces.js:30:27);  async Interfaces.change (/node_modules/impress/lib/interfaces.js:72:20);  async Interfaces.load (/node_modules/impress/lib/cache.js:18:12);  async Interfaces.load (/node_modules/impress/lib/cache.js:17:31)
2021-04-28T01:01:08.479Z [info] Application started in worker 5
2021-04-28T01:01:08.482Z [info] Graceful shutdown in worker 5
2021-04-28T01:04:50.704Z [error] /application/api/player.1/getFilm.js:10;module.exports = GetFilm;;^^^^^^;;SyntaxError: Unexpected identifier;  new Script (vm.js:88:7);  new MetaScript (/node_modules/impress/node_modules/metavm/lib/vm.js:41:19);  Interfaces.createScript (/node_modules/impress/lib/interfaces.js:30:27);  async Interfaces.change (/node_modules/impress/lib/interfaces.js:72:20);  async Interfaces.load (/node_modules/impress/lib/cache.js:18:12);  async Interfaces.load (/node_modules/impress/lib/cache.js:17:31)
2021-04-28T01:04:50.710Z [error] /application/api/player.1/getFilmById.js:12;;;;SyntaxError: Unexpected end of input;  new Script (vm.js:88:7);  new MetaScript (/node_modules/impress/node_modules/metavm/lib/vm.js:41:19);  Interfaces.createScript (/node_modules/impress/lib/interfaces.js:30:27);  async Interfaces.change (/node_modules/impress/lib/interfaces.js:72:20);  async Interfaces.load (/node_modules/impress/lib/cache.js:18:12);  async Interfaces.load (/node_modules/impress/lib/cache.js:17:31)
2021-04-28T01:04:52.506Z [info] Application started in worker 5
2021-04-28T01:04:52.508Z [info] Graceful shutdown in worker 5
2021-04-28T01:05:45.490Z [error] /application/api/player.1/getFilm.js:10;;;;SyntaxError: Unexpected end of input;  new Script (vm.js:88:7);  new MetaScript (/node_modules/impress/node_modules/metavm/lib/vm.js:41:19);  Interfaces.createScript (/node_modules/impress/lib/interfaces.js:30:27);  async Interfaces.change (/node_modules/impress/lib/interfaces.js:72:20);  async Interfaces.load (/node_modules/impress/lib/cache.js:18:12);  async Interfaces.load (/node_modules/impress/lib/cache.js:17:31)
2021-04-28T01:05:45.493Z [error] /application/api/player.1/getFilmById.js:11;)};;^;;SyntaxError: Unexpected token ')';  new Script (vm.js:88:7);  new MetaScript (/node_modules/impress/node_modules/metavm/lib/vm.js:41:19);  Interfaces.createScript (/node_modules/impress/lib/interfaces.js:30:27);  async Interfaces.change (/node_modules/impress/lib/interfaces.js:72:20);  async Interfaces.load (/node_modules/impress/lib/cache.js:18:12);  async Interfaces.load (/node_modules/impress/lib/cache.js:17:31)
2021-04-28T01:05:47.286Z [info] Application started in worker 5
2021-04-28T01:05:47.289Z [info] Graceful shutdown in worker 5
2021-04-28T01:06:02.945Z [error] /application/api/player.1/getFilm.js:10;;;;SyntaxError: Unexpected end of input;  new Script (vm.js:88:7);  new MetaScript (/node_modules/impress/node_modules/metavm/lib/vm.js:41:19);  Interfaces.createScript (/node_modules/impress/lib/interfaces.js:30:27);  async Interfaces.change (/node_modules/impress/lib/interfaces.js:72:20);  async Interfaces.load (/node_modules/impress/lib/cache.js:18:12);  async Interfaces.load (/node_modules/impress/lib/cache.js:17:31)
2021-04-28T01:06:04.736Z [info] Application started in worker 5
2021-04-28T01:06:04.741Z [info] Graceful shutdown in worker 5
2021-04-28T01:06:22.440Z [info] Application started in worker 5
2021-04-28T01:06:57.892Z [info] Graceful shutdown in worker 5
2021-04-28T12:22:23.386Z [info] Application started in worker 5
2021-04-28T12:22:46.879Z [info] Graceful shutdown in worker 5
2021-04-28T12:25:39.321Z [info] Application started in worker 5
2021-04-28T12:27:34.846Z [info] Graceful shutdown in worker 5
2021-04-28T12:28:47.067Z [info] Application started in worker 5
2021-04-28T12:32:02.137Z [info] Graceful shutdown in worker 5
2021-04-28T13:39:24.487Z [info] Application started in worker 5
2021-04-28T13:43:31.936Z [info] Graceful shutdown in worker 5
2021-04-28T13:44:13.574Z [info] Application started in worker 5
2021-04-28T13:48:13.698Z [info] Graceful shutdown in worker 5
2021-04-28T13:48:40.294Z [info] Application started in worker 5
2021-04-28T14:23:23.964Z [info] Graceful shutdown in worker 5
2021-04-28T14:23:32.641Z [info] Application started in worker 5
2021-04-28T14:24:51.947Z [info] Graceful shutdown in worker 5
2021-04-28T14:27:13.758Z [info] Application started in worker 5
2021-04-28T14:28:18.525Z [info] Graceful shutdown in worker 5
2021-04-28T14:30:02.855Z [info] Application started in worker 5
2021-04-28T14:30:16.124Z [info] Graceful shutdown in worker 5
2021-04-28T14:30:20.861Z [info] Application started in worker 5
2021-04-28T14:30:48.073Z [info] Graceful shutdown in worker 5
2021-04-28T14:39:40.441Z [info] Application started in worker 5
2021-04-28T14:39:46.934Z [info] Graceful shutdown in worker 5
2021-04-28T14:40:47.166Z [info] Application started in worker 5
2021-04-28T14:48:44.167Z [info] Graceful shutdown in worker 5
2021-04-28T14:48:52.939Z [info] Application started in worker 5
2021-04-28T14:52:44.906Z [info] Graceful shutdown in worker 5
2021-04-28T14:52:53.286Z [info] Application started in worker 5
2021-04-28T14:57:07.375Z [info] Graceful shutdown in worker 5
2021-04-28T14:57:56.717Z [info] Application started in worker 5
2021-04-28T15:01:53.713Z [info] Graceful shutdown in worker 5
2021-04-28T15:02:09.254Z [info] Application started in worker 5
2021-04-28T15:02:41.123Z [info] Graceful shutdown in worker 5
2021-04-28T15:03:38.394Z [info] Application started in worker 5
2021-04-28T15:05:41.414Z [info] Graceful shutdown in worker 5
2021-04-28T15:05:49.702Z [info] Application started in worker 5
2021-04-28T15:06:37.457Z [info] Graceful shutdown in worker 5
2021-04-28T15:06:45.643Z [info] Application started in worker 5
2021-04-28T15:13:02.150Z [info] Graceful shutdown in worker 5
2021-04-28T15:13:10.780Z [info] Application started in worker 5
2021-04-28T15:16:38.202Z [info] Graceful shutdown in worker 5
2021-04-28T15:17:04.732Z [info] Application started in worker 5
2021-04-28T15:21:12.709Z [info] Graceful shutdown in worker 5
2021-04-28T15:23:50.414Z [info] Application started in worker 5
2021-04-28T15:26:15.841Z [info] Graceful shutdown in worker 5
2021-04-28T15:35:21.797Z [info] Application started in worker 5
2021-04-28T15:37:08.359Z [error] /application/api/catalog.1/filter.js:28;    return { data.rows };;                 ^;;SyntaxError: Unexpected token '.';  new Script (vm.js:88:7);  new MetaScript (/node_modules/impress/node_modules/metavm/lib/vm.js:41:19);  Interfaces.createScript (/node_modules/impress/lib/interfaces.js:30:27);  async Interfaces.change (/node_modules/impress/lib/interfaces.js:72:20)
2021-04-28T15:37:42.783Z [info] Graceful shutdown in worker 5
2021-04-28T15:47:45.915Z [info] Application started in worker 5
2021-04-28T15:48:40.651Z [info] Graceful shutdown in worker 5
2021-04-28T15:49:52.904Z [info] Application started in worker 5
2021-04-28T15:50:19.731Z [info] Graceful shutdown in worker 5
2021-04-28T15:51:10.308Z [info] Application started in worker 5
2021-04-28T16:56:42.122Z [info] Graceful shutdown in worker 5
2021-04-28T16:56:54.956Z [info] Application started in worker 5
2021-04-28T17:04:19.262Z [info] Graceful shutdown in worker 5
2021-04-28T17:16:06.814Z [info] Application started in worker 5
2021-04-28T17:22:06.354Z [info] Graceful shutdown in worker 5
2021-04-28T18:01:59.752Z [info] Application started in worker 5
2021-04-28T18:06:20.096Z [info] Graceful shutdown in worker 5
2021-04-28T18:24:09.886Z [info] Application started in worker 5
2021-04-28T18:33:02.194Z [info] Graceful shutdown in worker 5
2021-04-28T18:33:11.116Z [info] Application started in worker 5
2021-04-28T18:35:34.754Z [info] Graceful shutdown in worker 5
2021-04-28T18:36:01.635Z [info] Application started in worker 5
