2021-04-28T01:00:45.115Z [info] Listen port 8001 in worker 2
2021-04-28T01:00:45.146Z [error] /application/api/adminpanel.1/getUsername.js:1;context => async ({ id }) {;                          ^;;SyntaxError: Unexpected token '{';  new Script (vm.js:88:7);  new MetaScript (/node_modules/impress/node_modules/metavm/lib/vm.js:41:19);  Interfaces.createScript (/node_modules/impress/lib/interfaces.js:30:27);  async Interfaces.change (/node_modules/impress/lib/interfaces.js:72:20);  async Interfaces.load (/node_modules/impress/lib/cache.js:18:12);  async Interfaces.load (/node_modules/impress/lib/cache.js:17:31)
2021-04-28T01:00:45.166Z [error] /application/api/catalog.1/filter.js:14;    query += ' ORDER BY year DESC');;                                  ^;;SyntaxError: Unexpected token ')';  new Script (vm.js:88:7);  new MetaScript (/node_modules/impress/node_modules/metavm/lib/vm.js:41:19);  Interfaces.createScript (/node_modules/impress/lib/interfaces.js:30:27);  async Interfaces.change (/node_modules/impress/lib/interfaces.js:72:20);  async Interfaces.load (/node_modules/impress/lib/cache.js:18:12);  async Interfaces.load (/node_modules/impress/lib/cache.js:17:31)
2021-04-28T01:00:45.180Z [error] /application/api/moderpanel.1/addFilm.js:5;  const posterName = .title + `.${posterType.slice(posterType.indexOf('/') + 1)}`;;                     ^;;SyntaxError: Unexpected token '.';  new Script (vm.js:88:7);  new MetaScript (/node_modules/impress/node_modules/metavm/lib/vm.js:41:19);  Interfaces.createScript (/node_modules/impress/lib/interfaces.js:30:27);  async Interfaces.change (/node_modules/impress/lib/interfaces.js:72:20);  async Interfaces.load (/node_modules/impress/lib/cache.js:18:12);  async Interfaces.load (/node_modules/impress/lib/cache.js:17:31)
2021-04-28T01:00:45.194Z [error] /application/api/player.1/addComment.js:1;context => async ({ filmid, userid, textdata }) {;                                                ^;;SyntaxError: Unexpected token '{';  new Script (vm.js:88:7);  new MetaScript (/node_modules/impress/node_modules/metavm/lib/vm.js:41:19);  Interfaces.createScript (/node_modules/impress/lib/interfaces.js:30:27);  async Interfaces.change (/node_modules/impress/lib/interfaces.js:72:20);  async Interfaces.load (/node_modules/impress/lib/cache.js:18:12);  async Interfaces.load (/node_modules/impress/lib/cache.js:17:31)
2021-04-28T01:00:45.197Z [error] /application/api/player.1/addScore.js:11;    let rating = parseFloat(result[0].rating);;        ^^^^^^;;SyntaxError: Identifier 'rating' has already been declared;  new Script (vm.js:88:7);  new MetaScript (/node_modules/impress/node_modules/metavm/lib/vm.js:41:19);  Interfaces.createScript (/node_modules/impress/lib/interfaces.js:30:27);  async Interfaces.change (/node_modules/impress/lib/interfaces.js:72:20);  async Interfaces.load (/node_modules/impress/lib/cache.js:18:12);  async Interfaces.load (/node_modules/impress/lib/cache.js:17:31)
2021-04-28T01:00:45.204Z [error] /application/api/player.1/getFilm.js:10;module.exports = GetFilm;;^^^^^^;;SyntaxError: Unexpected identifier;  new Script (vm.js:88:7);  new MetaScript (/node_modules/impress/node_modules/metavm/lib/vm.js:41:19);  Interfaces.createScript (/node_modules/impress/lib/interfaces.js:30:27);  async Interfaces.change (/node_modules/impress/lib/interfaces.js:72:20);  async Interfaces.load (/node_modules/impress/lib/cache.js:18:12);  async Interfaces.load (/node_modules/impress/lib/cache.js:17:31)
2021-04-28T01:00:45.205Z [error] /application/api/player.1/getFilmById.js:12;;;;SyntaxError: Unexpected end of input;  new Script (vm.js:88:7);  new MetaScript (/node_modules/impress/node_modules/metavm/lib/vm.js:41:19);  Interfaces.createScript (/node_modules/impress/lib/interfaces.js:30:27);  async Interfaces.change (/node_modules/impress/lib/interfaces.js:72:20);  async Interfaces.load (/node_modules/impress/lib/cache.js:18:12);  async Interfaces.load (/node_modules/impress/lib/cache.js:17:31)
2021-04-28T01:00:47.083Z [info] Application started in worker 2
2021-04-28T01:00:52.951Z [info] Graceful shutdown in worker 2
2021-04-28T01:04:50.650Z [info] Listen port 8001 in worker 2
2021-04-28T01:04:50.726Z [error] /application/api/player.1/getFilm.js:10;module.exports = GetFilm;;^^^^^^;;SyntaxError: Unexpected identifier;  new Script (vm.js:88:7);  new MetaScript (/node_modules/impress/node_modules/metavm/lib/vm.js:41:19);  Interfaces.createScript (/node_modules/impress/lib/interfaces.js:30:27);  async Interfaces.change (/node_modules/impress/lib/interfaces.js:72:20);  async Interfaces.load (/node_modules/impress/lib/cache.js:18:12);  async Interfaces.load (/node_modules/impress/lib/cache.js:17:31)
2021-04-28T01:04:50.727Z [error] /application/api/player.1/getFilmById.js:12;;;;SyntaxError: Unexpected end of input;  new Script (vm.js:88:7);  new MetaScript (/node_modules/impress/node_modules/metavm/lib/vm.js:41:19);  Interfaces.createScript (/node_modules/impress/lib/interfaces.js:30:27);  async Interfaces.change (/node_modules/impress/lib/interfaces.js:72:20);  async Interfaces.load (/node_modules/impress/lib/cache.js:18:12);  async Interfaces.load (/node_modules/impress/lib/cache.js:17:31)
2021-04-28T01:04:52.527Z [info] Application started in worker 2
2021-04-28T01:04:52.530Z [info] Graceful shutdown in worker 2
2021-04-28T01:05:45.399Z [info] Listen port 8001 in worker 2
2021-04-28T01:05:45.473Z [error] /application/api/player.1/getFilm.js:10;;;;SyntaxError: Unexpected end of input;  new Script (vm.js:88:7);  new MetaScript (/node_modules/impress/node_modules/metavm/lib/vm.js:41:19);  Interfaces.createScript (/node_modules/impress/lib/interfaces.js:30:27);  async Interfaces.change (/node_modules/impress/lib/interfaces.js:72:20);  async Interfaces.load (/node_modules/impress/lib/cache.js:18:12);  async Interfaces.load (/node_modules/impress/lib/cache.js:17:31)
2021-04-28T01:05:45.475Z [error] /application/api/player.1/getFilmById.js:11;)};;^;;SyntaxError: Unexpected token ')';  new Script (vm.js:88:7);  new MetaScript (/node_modules/impress/node_modules/metavm/lib/vm.js:41:19);  Interfaces.createScript (/node_modules/impress/lib/interfaces.js:30:27);  async Interfaces.change (/node_modules/impress/lib/interfaces.js:72:20);  async Interfaces.load (/node_modules/impress/lib/cache.js:18:12);  async Interfaces.load (/node_modules/impress/lib/cache.js:17:31)
2021-04-28T01:05:47.266Z [info] Application started in worker 2
2021-04-28T01:05:47.271Z [info] Graceful shutdown in worker 2
2021-04-28T01:06:02.821Z [info] Listen port 8001 in worker 2
2021-04-28T01:06:02.932Z [error] /application/api/player.1/getFilm.js:10;;;;SyntaxError: Unexpected end of input;  new Script (vm.js:88:7);  new MetaScript (/node_modules/impress/node_modules/metavm/lib/vm.js:41:19);  Interfaces.createScript (/node_modules/impress/lib/interfaces.js:30:27);  async Interfaces.change (/node_modules/impress/lib/interfaces.js:72:20);  async Interfaces.load (/node_modules/impress/lib/cache.js:18:12);  async Interfaces.load (/node_modules/impress/lib/cache.js:17:31)
2021-04-28T01:06:04.734Z [info] Application started in worker 2
2021-04-28T01:06:04.736Z [info] Graceful shutdown in worker 2
2021-04-28T01:06:20.605Z [info] Listen port 8001 in worker 2
2021-04-28T01:06:22.427Z [info] Application started in worker 2
2021-04-28T01:06:57.887Z [info] Graceful shutdown in worker 2
2021-04-28T12:22:21.720Z [info] Listen port 8001 in worker 2
2021-04-28T12:22:23.387Z [info] Application started in worker 2
2021-04-28T12:22:46.877Z [info] Graceful shutdown in worker 2
2021-04-28T12:25:37.453Z [info] Listen port 8001 in worker 2
2021-04-28T12:25:39.328Z [info] Application started in worker 2
2021-04-28T12:27:34.842Z [info] Graceful shutdown in worker 2
2021-04-28T12:28:45.201Z [info] Listen port 8001 in worker 2
2021-04-28T12:28:46.996Z [info] Application started in worker 2
2021-04-28T12:32:02.133Z [info] Graceful shutdown in worker 2
2021-04-28T13:39:22.899Z [info] Listen port 8001 in worker 2
2021-04-28T13:39:24.464Z [info] Application started in worker 2
2021-04-28T13:43:31.934Z [info] Graceful shutdown in worker 2
2021-04-28T13:44:12.051Z [info] Listen port 8001 in worker 2
2021-04-28T13:44:13.610Z [info] Application started in worker 2
2021-04-28T13:48:13.697Z [info] Graceful shutdown in worker 2
2021-04-28T13:48:38.287Z [info] Listen port 8001 in worker 2
2021-04-28T13:48:40.337Z [info] Application started in worker 2
2021-04-28T14:23:23.956Z [info] Graceful shutdown in worker 2
2021-04-28T14:23:30.788Z [info] Listen port 8001 in worker 2
2021-04-28T14:23:32.647Z [info] Application started in worker 2
2021-04-28T14:24:51.943Z [info] Graceful shutdown in worker 2
2021-04-28T14:27:12.177Z [info] Listen port 8001 in worker 2
2021-04-28T14:27:13.771Z [info] Application started in worker 2
2021-04-28T14:28:18.522Z [info] Graceful shutdown in worker 2
2021-04-28T14:30:01.222Z [info] Listen port 8001 in worker 2
2021-04-28T14:30:02.799Z [info] Application started in worker 2
2021-04-28T14:30:16.121Z [info] Graceful shutdown in worker 2
2021-04-28T14:30:18.610Z [info] Listen port 8001 in worker 2
2021-04-28T14:30:20.881Z [info] Application started in worker 2
2021-04-28T14:30:48.073Z [info] Graceful shutdown in worker 2
2021-04-28T14:39:38.575Z [info] Listen port 8001 in worker 2
2021-04-28T14:39:40.432Z [info] Application started in worker 2
2021-04-28T14:39:46.921Z [info] Graceful shutdown in worker 2
2021-04-28T14:40:45.137Z [info] Listen port 8001 in worker 2
2021-04-28T14:40:47.241Z [info] Application started in worker 2
2021-04-28T14:48:44.162Z [info] Graceful shutdown in worker 2
2021-04-28T14:48:50.997Z [info] Listen port 8001 in worker 2
2021-04-28T14:48:52.921Z [info] Application started in worker 2
2021-04-28T14:52:44.905Z [info] Graceful shutdown in worker 2
2021-04-28T14:52:51.488Z [info] Listen port 8001 in worker 2
2021-04-28T14:52:53.310Z [info] Application started in worker 2
2021-04-28T14:57:07.375Z [info] Graceful shutdown in worker 2
2021-04-28T14:57:54.855Z [info] Listen port 8001 in worker 2
2021-04-28T14:57:56.717Z [info] Application started in worker 2
2021-04-28T15:01:53.708Z [info] Graceful shutdown in worker 2
2021-04-28T15:02:07.673Z [info] Listen port 8001 in worker 2
2021-04-28T15:02:09.249Z [info] Application started in worker 2
2021-04-28T15:02:41.119Z [info] Graceful shutdown in worker 2
2021-04-28T15:03:36.810Z [info] Listen port 8001 in worker 2
2021-04-28T15:03:38.409Z [info] Application started in worker 2
2021-04-28T15:05:41.413Z [info] Graceful shutdown in worker 2
2021-04-28T15:05:48.133Z [info] Listen port 8001 in worker 2
2021-04-28T15:05:49.703Z [info] Application started in worker 2
2021-04-28T15:06:37.456Z [info] Graceful shutdown in worker 2
2021-04-28T15:06:44.064Z [info] Listen port 8001 in worker 2
2021-04-28T15:06:45.663Z [info] Application started in worker 2
2021-04-28T15:13:02.145Z [info] Graceful shutdown in worker 2
2021-04-28T15:13:09.203Z [info] Listen port 8001 in worker 2
2021-04-28T15:13:10.810Z [info] Application started in worker 2
2021-04-28T15:16:38.198Z [info] Graceful shutdown in worker 2
2021-04-28T15:17:02.691Z [info] Listen port 8001 in worker 2
2021-04-28T15:17:04.719Z [info] Application started in worker 2
2021-04-28T15:21:12.705Z [info] Graceful shutdown in worker 2
2021-04-28T15:23:48.787Z [info] Listen port 8001 in worker 2
2021-04-28T15:23:50.382Z [info] Application started in worker 2
2021-04-28T15:26:15.838Z [info] Graceful shutdown in worker 2
2021-04-28T15:35:19.932Z [info] Listen port 8001 in worker 2
2021-04-28T15:35:21.795Z [info] Application started in worker 2
2021-04-28T15:37:08.359Z [error] /application/api/catalog.1/filter.js:28;    return { data.rows };;                 ^;;SyntaxError: Unexpected token '.';  new Script (vm.js:88:7);  new MetaScript (/node_modules/impress/node_modules/metavm/lib/vm.js:41:19);  Interfaces.createScript (/node_modules/impress/lib/interfaces.js:30:27);  async Interfaces.change (/node_modules/impress/lib/interfaces.js:72:20)
2021-04-28T15:37:42.779Z [info] Graceful shutdown in worker 2
2021-04-28T15:47:44.306Z [info] Listen port 8001 in worker 2
2021-04-28T15:47:45.905Z [info] Application started in worker 2
2021-04-28T15:48:40.644Z [info] Graceful shutdown in worker 2
2021-04-28T15:49:51.281Z [info] Listen port 8001 in worker 2
2021-04-28T15:49:52.855Z [info] Application started in worker 2
2021-04-28T15:50:19.731Z [info] Graceful shutdown in worker 2
2021-04-28T15:51:08.706Z [info] Listen port 8001 in worker 2
2021-04-28T15:51:10.309Z [info] Application started in worker 2
2021-04-28T16:56:42.118Z [info] Graceful shutdown in worker 2
2021-04-28T16:56:53.074Z [info] Listen port 8001 in worker 2
2021-04-28T16:56:54.977Z [info] Application started in worker 2
2021-04-28T17:04:19.254Z [info] Graceful shutdown in worker 2
2021-04-28T17:16:05.223Z [info] Listen port 8001 in worker 2
2021-04-28T17:16:06.883Z [info] Application started in worker 2
2021-04-28T17:22:06.349Z [info] Graceful shutdown in worker 2
2021-04-28T18:01:57.898Z [info] Listen port 8001 in worker 2
2021-04-28T18:01:59.782Z [info] Application started in worker 2
2021-04-28T18:06:20.094Z [info] Graceful shutdown in worker 2
2021-04-28T18:24:08.022Z [info] Listen port 8001 in worker 2
2021-04-28T18:24:09.888Z [info] Application started in worker 2
2021-04-28T18:33:02.190Z [info] Graceful shutdown in worker 2
2021-04-28T18:33:09.170Z [info] Listen port 8001 in worker 2
2021-04-28T18:33:11.148Z [info] Application started in worker 2
2021-04-28T18:35:34.754Z [info] Graceful shutdown in worker 2
2021-04-28T18:35:59.313Z [info] Listen port 8001 in worker 2
2021-04-28T18:36:01.708Z [info] Application started in worker 2
